09/13/16 17:33:02.090 BROM_DLL[1972][1068]: Brom_DebugOn(): runtime trace is ON now. (brom_debug.cpp:150)
09/13/16 17:33:02.090 BROM_DLL[1972][1068]: ================================================================================================================================== (brom.cpp:1002)
09/13/16 17:33:02.090 BROM_DLL[1972][1068]: Brom_GetDLLInfo(): BROM_DLL_v3.949.10.05 [Patch-Build](Release Version)                                                                       (brom.cpp:1003)
09/13/16 17:33:02.090 BROM_DLL[1972][1068]: Brom_GetDLLInfo(): Build-Date: 2013/09/05 16:50:48                                                                                  (brom.cpp:1004)
09/13/16 17:33:02.090 BROM_DLL[1972][1068]: Brom_GetDLLInfo(): LoadPath=C:\A859_ROW_S126_140804\SP_Flash_Tool_v3.1336.0.198\brom.dll                                         (brom.cpp:1005)
09/13/16 17:33:02.090 BROM_DLL[1972][1068]: ================================================================================================================================== (brom.cpp:1006)
09/13/16 17:33:02.090 BROM_DLL[1972][1068]: FlashDeviceNameMap::DumpDebug():   (flash_device_tbl.cpp:755)
09/13/16 17:33:02.090 BROM_DLL[1972][1068]: FlashDeviceNameMap::DumpDebug():   (flash_device_tbl.cpp:755)
09/13/16 17:33:02.090 BROM_DLL[1972][1068]: ResourcePrefixMap::DumpDebug():   (mtk_resource_internal.cpp:186)
09/13/16 17:33:02.090 BROM_DLL[1972][1068]: 	m_JumpTablePrefix("JUMP_TABLE")              (mtk_resource_internal.cpp:188)
09/13/16 17:33:02.090 BROM_DLL[1972][1068]: ================= STATUS_E CODE BEGIN =================== (brom.cpp:696)
09/13/16 17:33:02.090 BROM_DLL[1972][1068]: (   0) S_DONE                                             (brom.cpp:697)
09/13/16 17:33:02.090 BROM_DLL[1972][1068]: (1000) S_STOP                                             (brom.cpp:699)
09/13/16 17:33:02.090 BROM_DLL[1972][1068]: (1001) S_UNDEFINED_ERROR                                  (brom.cpp:699)
09/13/16 17:33:02.090 BROM_DLL[1972][1068]: (1002) S_INVALID_ARGUMENTS                                (brom.cpp:699)
09/13/16 17:33:02.090 BROM_DLL[1972][1068]: (1003) S_INVALID_BBCHIP_TYPE                              (brom.cpp:699)
09/13/16 17:33:02.090 BROM_DLL[1972][1068]: (1004) S_INVALID_EXT_CLOCK                                (brom.cpp:699)
09/13/16 17:33:02.090 BROM_DLL[1972][1068]: (1005) S_GET_DLL_VER_FAIL                                 (brom.cpp:699)
09/13/16 17:33:02.090 BROM_DLL[1972][1068]: (1006) S_INVALID_BUF                                      (brom.cpp:699)
09/13/16 17:33:02.090 BROM_DLL[1972][1068]: (1007) S_BUF_IS_NULL                                      (brom.cpp:699)
09/13/16 17:33:02.090 BROM_DLL[1972][1068]: (1008) S_BUF_LEN_IS_ZERO                                  (brom.cpp:699)
09/13/16 17:33:02.090 BROM_DLL[1972][1068]: (1009) S_BUF_SIZE_TOO_SMALL                               (brom.cpp:699)
09/13/16 17:33:02.090 BROM_DLL[1972][1068]: (1010) S_NOT_ENOUGH_MEMORY                                (brom.cpp:699)
09/13/16 17:33:02.090 BROM_DLL[1972][1068]: (1011) S_COM_PORT_OPEN_FAIL                               (brom.cpp:699)
09/13/16 17:33:02.090 BROM_DLL[1972][1068]: (1012) S_COM_PORT_SET_TIMEOUT_FAIL                        (brom.cpp:699)
09/13/16 17:33:02.090 BROM_DLL[1972][1068]: (1013) S_COM_PORT_SET_STATE_FAIL                          (brom.cpp:699)
09/13/16 17:33:02.090 BROM_DLL[1972][1068]: (1014) S_COM_PORT_PURGE_FAIL                              (brom.cpp:699)
09/13/16 17:33:02.090 BROM_DLL[1972][1068]: (1015) S_FILEPATH_NOT_SPECIFIED_YET                       (brom.cpp:699)
09/13/16 17:33:02.090 BROM_DLL[1972][1068]: (1016) S_UNKNOWN_TARGET_BBCHIP                            (brom.cpp:699)
09/13/16 17:33:02.090 BROM_DLL[1972][1068]: (1017) S_SKIP_BBCHIP_HW_VER_CHECK                         (brom.cpp:699)
09/13/16 17:33:02.090 BROM_DLL[1972][1068]: (1018) S_UNSUPPORTED_VER_OF_BOOT_ROM                      (brom.cpp:699)
09/13/16 17:33:02.090 BROM_DLL[1972][1068]: (1019) S_UNSUPPORTED_VER_OF_BOOTLOADER                    (brom.cpp:699)
09/13/16 17:33:02.090 BROM_DLL[1972][1068]: (1020) S_UNSUPPORTED_VER_OF_DA                            (brom.cpp:699)
09/13/16 17:33:02.090 BROM_DLL[1972][1068]: (1021) S_UNSUPPORTED_VER_OF_SEC_INFO                      (brom.cpp:699)
09/13/16 17:33:02.090 BROM_DLL[1972][1068]: (1022) S_UNSUPPORTED_VER_OF_ROM_INFO                      (brom.cpp:699)
09/13/16 17:33:02.090 BROM_DLL[1972][1068]: (1023) S_SEC_INFO_NOT_FOUND                               (brom.cpp:699)
09/13/16 17:33:02.090 BROM_DLL[1972][1068]: (1024) S_ROM_INFO_NOT_FOUND                               (brom.cpp:699)
09/13/16 17:33:02.090 BROM_DLL[1972][1068]: (1025) S_CUST_PARA_NOT_SUPPORTED                          (brom.cpp:699)
09/13/16 17:33:02.090 BROM_DLL[1972][1068]: (1026) S_CUST_PARA_WRITE_LEN_INCONSISTENT                 (brom.cpp:699)
09/13/16 17:33:02.090 BROM_DLL[1972][1068]: (1027) S_SEC_RO_NOT_SUPPORTED                             (brom.cpp:699)
09/13/16 17:33:02.090 BROM_DLL[1972][1068]: (1028) S_SEC_RO_WRITE_LEN_INCONSISTENT                    (brom.cpp:699)
09/13/16 17:33:02.090 BROM_DLL[1972][1068]: (1029) S_ADDR_N_LEN_NOT_32BITS_ALIGNMENT                  (brom.cpp:699)
09/13/16 17:33:02.090 BROM_DLL[1972][1068]: (1030) S_UART_CHKSUM_ERROR                                (brom.cpp:699)
09/13/16 17:33:02.090 BROM_DLL[1972][1068]: (1031) S_NOR_FLASH_BOOT                                   (brom.cpp:699)
09/13/16 17:33:02.090 BROM_DLL[1972][1068]: (1032) S_NAND_FLASH_BOOT                                  (brom.cpp:699)
09/13/16 17:33:02.090 BROM_DLL[1972][1068]: (1033) S_UNSUPPORTED_VER_OF_EMI_INFO                      (brom.cpp:699)
09/13/16 17:33:02.090 BROM_DLL[1972][1068]: (2000) S_BROM_SET_META_REG_FAIL                           (brom.cpp:702)
09/13/16 17:33:02.090 BROM_DLL[1972][1068]: (2001) S_BROM_SET_FLASHTOOL_REG_FAIL                      (brom.cpp:702)
09/13/16 17:33:02.090 BROM_DLL[1972][1068]: (2002) S_BROM_SET_REMAP_REG_FAIL                          (brom.cpp:702)
09/13/16 17:33:02.090 BROM_DLL[1972][1068]: (2003) S_BROM_SET_EMI_FAIL                                (brom.cpp:702)
09/13/16 17:33:02.090 BROM_DLL[1972][1068]: (2004) S_BROM_DOWNLOAD_DA_FAIL                            (brom.cpp:702)
09/13/16 17:33:02.090 BROM_DLL[1972][1068]: (2005) S_BROM_CMD_STARTCMD_FAIL                           (brom.cpp:702)
09/13/16 17:33:02.090 BROM_DLL[1972][1068]: (2006) S_BROM_CMD_STARTCMD_TIMEOUT                        (brom.cpp:702)
09/13/16 17:33:02.090 BROM_DLL[1972][1068]: (2007) S_BROM_CMD_JUMP_FAIL                               (brom.cpp:702)
09/13/16 17:33:02.090 BROM_DLL[1972][1068]: (2008) S_BROM_CMD_WRITE16_MEM_FAIL                        (brom.cpp:702)
09/13/16 17:33:02.090 BROM_DLL[1972][1068]: (2009) S_BROM_CMD_READ16_MEM_FAIL                         (brom.cpp:702)
09/13/16 17:33:02.090 BROM_DLL[1972][1068]: (2010) S_BROM_CMD_WRITE16_REG_FAIL                        (brom.cpp:702)
09/13/16 17:33:02.090 BROM_DLL[1972][1068]: (2011) S_BROM_CMD_READ16_REG_FAIL                         (brom.cpp:702)
09/13/16 17:33:02.090 BROM_DLL[1972][1068]: (2012) S_BROM_CMD_CHKSUM16_MEM_FAIL                       (brom.cpp:702)
09/13/16 17:33:02.090 BROM_DLL[1972][1068]: (2013) S_BROM_CMD_WRITE32_MEM_FAIL                        (brom.cpp:702)
09/13/16 17:33:02.090 BROM_DLL[1972][1068]: (2014) S_BROM_CMD_READ32_MEM_FAIL                         (brom.cpp:702)
09/13/16 17:33:02.090 BROM_DLL[1972][1068]: (2015) S_BROM_CMD_WRITE32_REG_FAIL                        (brom.cpp:702)
09/13/16 17:33:02.090 BROM_DLL[1972][1068]: (2016) S_BROM_CMD_READ32_REG_FAIL                         (brom.cpp:702)
09/13/16 17:33:02.090 BROM_DLL[1972][1068]: (2017) S_BROM_CMD_CHKSUM32_MEM_FAIL                       (brom.cpp:702)
09/13/16 17:33:02.090 BROM_DLL[1972][1068]: (2018) S_BROM_JUMP_TO_META_MODE_FAIL                      (brom.cpp:702)
09/13/16 17:33:02.090 BROM_DLL[1972][1068]: (2019) S_BROM_WR16_RD16_MEM_RESULT_DIFF                   (brom.cpp:702)
09/13/16 17:33:02.090 BROM_DLL[1972][1068]: (2020) S_BROM_CHKSUM16_MEM_RESULT_DIFF                    (brom.cpp:702)
09/13/16 17:33:02.090 BROM_DLL[1972][1068]: (2021) S_BROM_BBCHIP_HW_VER_INCORRECT                     (brom.cpp:702)
09/13/16 17:33:02.090 BROM_DLL[1972][1068]: (2022) S_BROM_FAIL_TO_GET_BBCHIP_HW_VER                   (brom.cpp:702)
09/13/16 17:33:02.090 BROM_DLL[1972][1068]: (2023) S_BROM_AUTOBAUD_FAIL                               (brom.cpp:702)
09/13/16 17:33:02.090 BROM_DLL[1972][1068]: (2024) S_BROM_SPEEDUP_BAUDRATE_FAIL                       (brom.cpp:702)
09/13/16 17:33:02.090 BROM_DLL[1972][1068]: (2025) S_BROM_LOCK_POWERKEY_FAIL                          (brom.cpp:702)
09/13/16 17:33:02.090 BROM_DLL[1972][1068]: (2026) S_BROM_WM_APP_MSG_OUT_OF_RANGE                     (brom.cpp:702)
09/13/16 17:33:02.090 BROM_DLL[1972][1068]: (2027) S_BROM_NOT_SUPPORT_MT6205B                         (brom.cpp:702)
09/13/16 17:33:02.090 BROM_DLL[1972][1068]: (2028) S_BROM_EXCEED_MAX_DATA_BLOCKS                      (brom.cpp:702)
09/13/16 17:33:02.090 BROM_DLL[1972][1068]: (2029) S_BROM_EXTERNAL_SRAM_DETECTION_FAIL                (brom.cpp:702)
09/13/16 17:33:02.090 BROM_DLL[1972][1068]: (2030) S_BROM_EXTERNAL_DRAM_DETECTION_FAIL                (brom.cpp:702)
09/13/16 17:33:02.090 BROM_DLL[1972][1068]: (2031) S_BROM_GET_FW_VER_FAIL                             (brom.cpp:702)
09/13/16 17:33:02.090 BROM_DLL[1972][1068]: (2032) S_BROM_CONNECT_TO_BOOTLOADER_FAIL                  (brom.cpp:702)
09/13/16 17:33:02.090 BROM_DLL[1972][1068]: (2033) S_BROM_CMD_SEND_DA_FAIL                            (brom.cpp:702)
09/13/16 17:33:02.090 BROM_DLL[1972][1068]: (2034) S_BROM_CMD_SEND_DA_CHKSUM_DIFF                     (brom.cpp:702)
09/13/16 17:33:02.090 BROM_DLL[1972][1068]: (2035) S_BROM_CMD_JUMP_DA_FAIL                            (brom.cpp:702)
09/13/16 17:33:02.090 BROM_DLL[1972][1068]: (2036) S_BROM_CMD_JUMP_BL_FAIL                            (brom.cpp:702)
09/13/16 17:33:02.090 BROM_DLL[1972][1068]: (3000) S_DA_INT_RAM_ERROR                                 (brom.cpp:705)
09/13/16 17:33:02.090 BROM_DLL[1972][1068]: (3001) S_DA_EXT_RAM_ERROR                                 (brom.cpp:705)
09/13/16 17:33:02.090 BROM_DLL[1972][1068]: (3002) S_DA_SETUP_DRAM_FAIL                               (brom.cpp:705)
09/13/16 17:33:02.090 BROM_DLL[1972][1068]: (3003) S_DA_SETUP_PLL_ERR                                 (brom.cpp:705)
09/13/16 17:33:02.090 BROM_DLL[1972][1068]: (3004) S_DA_DRAM_NOT_SUPPORT                              (brom.cpp:705)
09/13/16 17:33:02.090 BROM_DLL[1972][1068]: (3005) S_DA_RAM_FLOARTING                                 (brom.cpp:705)
09/13/16 17:33:02.090 BROM_DLL[1972][1068]: (3006) S_DA_RAM_UNACCESSABLE                              (brom.cpp:705)
09/13/16 17:33:02.090 BROM_DLL[1972][1068]: (3007) S_DA_RAM_ERROR                                     (brom.cpp:705)
09/13/16 17:33:02.090 BROM_DLL[1972][1068]: (3008) S_DA_DEVICE_NOT_FOUND                              (brom.cpp:705)
09/13/16 17:33:02.090 BROM_DLL[1972][1068]: (3009) S_DA_NOR_UNSUPPORTED_DEV_ID                        (brom.cpp:705)
09/13/16 17:33:02.090 BROM_DLL[1972][1068]: (3010) S_DA_NAND_UNSUPPORTED_DEV_ID                       (brom.cpp:705)
09/13/16 17:33:02.090 BROM_DLL[1972][1068]: (3011) S_DA_NOR_FLASH_NOT_FOUND                           (brom.cpp:705)
09/13/16 17:33:02.090 BROM_DLL[1972][1068]: (3012) S_DA_NAND_FLASH_NOT_FOUND                          (brom.cpp:705)
09/13/16 17:33:02.090 BROM_DLL[1972][1068]: (3013) S_DA_SOC_CHECK_FAIL                                (brom.cpp:705)
09/13/16 17:33:02.090 BROM_DLL[1972][1068]: (3014) S_DA_NOR_PROGRAM_FAILED                            (brom.cpp:705)
09/13/16 17:33:02.090 BROM_DLL[1972][1068]: (3015) S_DA_NOR_ERASE_FAILED                              (brom.cpp:705)
09/13/16 17:33:02.090 BROM_DLL[1972][1068]: (3016) S_DA_NAND_PAGE_PROGRAM_FAILED                      (brom.cpp:705)
09/13/16 17:33:02.090 BROM_DLL[1972][1068]: (3017) S_DA_NAND_SPARE_PROGRAM_FAILED                     (brom.cpp:705)
09/13/16 17:33:02.090 BROM_DLL[1972][1068]: (3018) S_DA_NAND_HW_COPYBACK_FAILED                       (brom.cpp:705)
09/13/16 17:33:02.090 BROM_DLL[1972][1068]: (3019) S_DA_NAND_ERASE_FAILED                             (brom.cpp:705)
09/13/16 17:33:02.090 BROM_DLL[1972][1068]: (3020) S_DA_TIMEOUT                                       (brom.cpp:705)
09/13/16 17:33:02.090 BROM_DLL[1972][1068]: (3021) S_DA_IN_PROGRESS                                   (brom.cpp:705)
09/13/16 17:33:02.090 BROM_DLL[1972][1068]: (3022) S_DA_SUPERAND_ONLY_SUPPORT_PAGE_READ               (brom.cpp:705)
09/13/16 17:33:02.090 BROM_DLL[1972][1068]: (3023) S_DA_SUPERAND_PAGE_PRGRAM_NOT_SUPPORT              (brom.cpp:705)
09/13/16 17:33:02.090 BROM_DLL[1972][1068]: (3024) S_DA_SUPERAND_SPARE_PRGRAM_NOT_SUPPORT             (brom.cpp:705)
09/13/16 17:33:02.090 BROM_DLL[1972][1068]: (3025) S_DA_SUPERAND_COPYBACK_NOT_SUPPORT                 (brom.cpp:705)
09/13/16 17:33:02.090 BROM_DLL[1972][1068]: (3026) S_DA_NOR_CMD_SEQUENCE_ERR                          (brom.cpp:705)
09/13/16 17:33:02.090 BROM_DLL[1972][1068]: (3027) S_DA_NOR_BLOCK_IS_LOCKED                           (brom.cpp:705)
09/13/16 17:33:02.090 BROM_DLL[1972][1068]: (3028) S_DA_NAND_BLOCK_IS_LOCKED                          (brom.cpp:705)
09/13/16 17:33:02.090 BROM_DLL[1972][1068]: (3029) S_DA_NAND_BLOCK_DATA_UNSTABLE                      (brom.cpp:705)
09/13/16 17:33:02.090 BROM_DLL[1972][1068]: (3030) S_DA_NOR_BLOCK_DATA_UNSTABLE                       (brom.cpp:705)
09/13/16 17:33:02.090 BROM_DLL[1972][1068]: (3031) S_DA_NOR_VPP_RANGE_ERR                             (brom.cpp:705)
09/13/16 17:33:02.090 BROM_DLL[1972][1068]: (3032) S_DA_INVALID_BEGIN_ADDR                            (brom.cpp:705)
09/13/16 17:33:02.090 BROM_DLL[1972][1068]: (3033) S_DA_NOR_INVALID_ERASE_BEGIN_ADDR                  (brom.cpp:705)
09/13/16 17:33:02.090 BROM_DLL[1972][1068]: (3034) S_DA_NOR_INVALID_READ_BEGIN_ADDR                   (brom.cpp:705)
09/13/16 17:33:02.090 BROM_DLL[1972][1068]: (3035) S_DA_NOR_INVALID_PROGRAM_BEGIN_ADDR                (brom.cpp:705)
09/13/16 17:33:02.090 BROM_DLL[1972][1068]: (3036) S_DA_INVALID_RANGE                                 (brom.cpp:705)
09/13/16 17:33:02.090 BROM_DLL[1972][1068]: (3037) S_DA_NOR_PROGRAM_AT_ODD_ADDR                       (brom.cpp:705)
09/13/16 17:33:02.090 BROM_DLL[1972][1068]: (3038) S_DA_NOR_PROGRAM_WITH_ODD_LENGTH                   (brom.cpp:705)
09/13/16 17:33:02.090 BROM_DLL[1972][1068]: (3039) S_DA_NOR_BUFPGM_NO_SUPPORT                         (brom.cpp:705)
09/13/16 17:33:02.090 BROM_DLL[1972][1068]: (3040) S_DA_NAND_UNKNOWN_ERR                              (brom.cpp:705)
09/13/16 17:33:02.090 BROM_DLL[1972][1068]: (3041) S_DA_NAND_BAD_BLOCK                                (brom.cpp:705)
09/13/16 17:33:02.090 BROM_DLL[1972][1068]: (3042) S_DA_NAND_ECC_1BIT_CORRECT                         (brom.cpp:705)
09/13/16 17:33:02.090 BROM_DLL[1972][1068]: (3043) S_DA_NAND_ECC_2BITS_ERR                            (brom.cpp:705)
09/13/16 17:33:02.090 BROM_DLL[1972][1068]: (3044) S_DA_NAND_SPARE_CHKSUM_ERR                         (brom.cpp:705)
09/13/16 17:33:02.090 BROM_DLL[1972][1068]: (3045) S_DA_NAND_HW_COPYBACK_DATA_INCONSISTENT            (brom.cpp:705)
09/13/16 17:33:02.090 BROM_DLL[1972][1068]: (3046) S_DA_NAND_INVALID_PAGE_INDEX                       (brom.cpp:705)
09/13/16 17:33:02.090 BROM_DLL[1972][1068]: (3047) S_DA_NFI_NOT_SUPPORT                               (brom.cpp:705)
09/13/16 17:33:02.090 BROM_DLL[1972][1068]: (3048) S_DA_NFI_CS1_NOT_SUPPORT                           (brom.cpp:705)
09/13/16 17:33:02.090 BROM_DLL[1972][1068]: (3049) S_DA_NFI_16BITS_IO_NOT_SUPPORT                     (brom.cpp:705)
09/13/16 17:33:02.090 BROM_DLL[1972][1068]: (3050) S_DA_NFB_BOOTLOADER_NOT_EXIST                      (brom.cpp:705)
09/13/16 17:33:02.090 BROM_DLL[1972][1068]: (3051) S_DA_NAND_NO_GOOD_BLOCK                            (brom.cpp:705)
09/13/16 17:33:02.090 BROM_DLL[1972][1068]: (3052) S_DA_BOOTLOADER_IS_TOO_LARGE                       (brom.cpp:705)
09/13/16 17:33:02.090 BROM_DLL[1972][1068]: (3053) S_DA_SIBLEY_REWRITE_OBJ_MODE_REGION                (brom.cpp:705)
09/13/16 17:33:02.090 BROM_DLL[1972][1068]: (3054) S_DA_SIBLEY_WRITE_B_HALF_IN_CTRL_MODE_REGION       (brom.cpp:705)
09/13/16 17:33:02.090 BROM_DLL[1972][1068]: (3055) S_DA_SIBLEY_ILLEGAL_CMD                            (brom.cpp:705)
09/13/16 17:33:02.090 BROM_DLL[1972][1068]: (3056) S_DA_SIBLEY_PROGRAM_AT_THE_SAME_REGIONS            (brom.cpp:705)
09/13/16 17:33:02.090 BROM_DLL[1972][1068]: (3057) S_DA_UART_GET_DATA_TIMEOUT                         (brom.cpp:705)
09/13/16 17:33:02.090 BROM_DLL[1972][1068]: (3058) S_DA_UART_GET_CHKSUM_LSB_TIMEOUT                   (brom.cpp:705)
09/13/16 17:33:02.090 BROM_DLL[1972][1068]: (3059) S_DA_UART_GET_CHKSUM_MSB_TIMEOUT                   (brom.cpp:705)
09/13/16 17:33:02.090 BROM_DLL[1972][1068]: (3060) S_DA_UART_DATA_CKSUM_ERROR                         (brom.cpp:705)
09/13/16 17:33:02.090 BROM_DLL[1972][1068]: (3061) S_DA_UART_RX_BUF_FULL                              (brom.cpp:705)
09/13/16 17:33:02.090 BROM_DLL[1972][1068]: (3062) S_DA_FLASH_RECOVERY_BUF_NOT_ENOUGH                 (brom.cpp:705)
09/13/16 17:33:02.090 BROM_DLL[1972][1068]: (3063) S_DA_HANDSET_SEC_INFO_NOT_FOUND                    (brom.cpp:705)
09/13/16 17:33:02.090 BROM_DLL[1972][1068]: (3064) S_DA_HANDSET_SEC_INFO_MAC_VERIFY_FAIL              (brom.cpp:705)
09/13/16 17:33:02.090 BROM_DLL[1972][1068]: (3065) S_DA_HANDSET_ROM_INFO_NOT_FOUND                    (brom.cpp:705)
09/13/16 17:33:02.090 BROM_DLL[1972][1068]: (3066) S_DA_HANDSET_FAT_INFO_NOT_FOUND                    (brom.cpp:705)
09/13/16 17:33:02.090 BROM_DLL[1972][1068]: (3067) S_DA_OPERATION_UNSUPPORT_FOR_NFB                   (brom.cpp:705)
09/13/16 17:33:02.090 BROM_DLL[1972][1068]: (3068) S_DA_BYPASS_POST_PROCESS                           (brom.cpp:705)
09/13/16 17:33:02.090 BROM_DLL[1972][1068]: (3069) S_DA_NOR_OTP_NOT_SUPPORT                           (brom.cpp:705)
09/13/16 17:33:02.090 BROM_DLL[1972][1068]: (3070) S_DA_NOR_OTP_EXIST                                 (brom.cpp:705)
09/13/16 17:33:02.090 BROM_DLL[1972][1068]: (3071) S_DA_NOR_OTP_LOCKED                                (brom.cpp:705)
09/13/16 17:33:02.090 BROM_DLL[1972][1068]: (3072) S_DA_NOR_OTP_GETSIZE_FAIL                          (brom.cpp:705)
09/13/16 17:33:02.090 BROM_DLL[1972][1068]: (3073) S_DA_NOR_OTP_READ_FAIL                             (brom.cpp:705)
09/13/16 17:33:02.090 BROM_DLL[1972][1068]: (3074) S_DA_NOR_OTP_PROGRAM_FAIL                          (brom.cpp:705)
09/13/16 17:33:02.090 BROM_DLL[1972][1068]: (3075) S_DA_NOR_OTP_LOCK_FAIL                             (brom.cpp:705)
09/13/16 17:33:02.090 BROM_DLL[1972][1068]: (3076) S_DA_NOR_OTP_LOCK_CHECK_STATUS_FAIL                (brom.cpp:705)
09/13/16 17:33:02.090 BROM_DLL[1972][1068]: (3077) S_DA_BLANK_FLASH                                   (brom.cpp:705)
09/13/16 17:33:02.090 BROM_DLL[1972][1068]: (3078) S_DA_CODE_AREA_IS_BLANK                            (brom.cpp:705)
09/13/16 17:33:02.090 BROM_DLL[1972][1068]: (3079) S_DA_SEC_RO_AREA_IS_BLANK                          (brom.cpp:705)
09/13/16 17:33:02.090 BROM_DLL[1972][1068]: (3080) S_DA_NOR_OTP_UNLOCKED                              (brom.cpp:705)
09/13/16 17:33:02.090 BROM_DLL[1972][1068]: (3081) S_DA_UNSUPPORTED_BBCHIP                            (brom.cpp:705)
09/13/16 17:33:02.090 BROM_DLL[1972][1068]: (3082) S_DA_FAT_NOT_EXIST                                 (brom.cpp:705)
09/13/16 17:33:02.090 BROM_DLL[1972][1068]: (3083) S_DA_EXT_SRAM_NOT_FOUND                            (brom.cpp:705)
09/13/16 17:33:02.090 BROM_DLL[1972][1068]: (3084) S_DA_EXT_DRAM_NOT_FOUND                            (brom.cpp:705)
09/13/16 17:33:02.090 BROM_DLL[1972][1068]: (3085) S_DA_MT_PIN_LOW                                    (brom.cpp:705)
09/13/16 17:33:02.090 BROM_DLL[1972][1068]: (3086) S_DA_MT_PIN_HIGH                                   (brom.cpp:705)
09/13/16 17:33:02.090 BROM_DLL[1972][1068]: (3087) S_DA_MT_PIN_SHORT                                  (brom.cpp:705)
09/13/16 17:33:02.090 BROM_DLL[1972][1068]: (3088) S_DA_MT_BUS_ERROR                                  (brom.cpp:705)
09/13/16 17:33:02.090 BROM_DLL[1972][1068]: (3089) S_DA_MT_ADDR_NOT_2BYTE_ALIGNMENT                   (brom.cpp:705)
09/13/16 17:33:02.090 BROM_DLL[1972][1068]: (3090) S_DA_MT_ADDR_NOT_4BYTE_ALIGNMENT                   (brom.cpp:705)
09/13/16 17:33:02.090 BROM_DLL[1972][1068]: (3091) S_DA_MT_SIZE_NOT_2BYTE_ALIGNMENT                   (brom.cpp:705)
09/13/16 17:33:02.090 BROM_DLL[1972][1068]: (3092) S_DA_MT_SIZE_NOT_4BYTE_ALIGNMENT                   (brom.cpp:705)
09/13/16 17:33:02.090 BROM_DLL[1972][1068]: (3093) S_DA_MT_DEDICATED_PATTERN_ERROR                    (brom.cpp:705)
09/13/16 17:33:02.090 BROM_DLL[1972][1068]: (3094) S_DA_MT_INC_PATTERN_ERROR                          (brom.cpp:705)
09/13/16 17:33:02.090 BROM_DLL[1972][1068]: (3095) S_DA_MT_DEC_PATTERN_ERROR                          (brom.cpp:705)
09/13/16 17:33:02.090 BROM_DLL[1972][1068]: (3096) S_DA_NFB_BLOCK_0_IS_BAD                            (brom.cpp:705)
09/13/16 17:33:02.090 BROM_DLL[1972][1068]: (3097) S_DA_CUST_PARA_AREA_IS_BLANK                       (brom.cpp:705)
09/13/16 17:33:02.090 BROM_DLL[1972][1068]: (3098) S_DA_ENTER_RELAY_MODE_FAIL                         (brom.cpp:705)
09/13/16 17:33:02.090 BROM_DLL[1972][1068]: (3099) S_DA_ENTER_RELAY_MODE_IS_FORBIDDEN_AFTER_META      (brom.cpp:705)
09/13/16 17:33:02.090 BROM_DLL[1972][1068]: (3100) S_DA_NAND_PAGE_READ_FAILED                         (brom.cpp:705)
09/13/16 17:33:02.090 BROM_DLL[1972][1068]: (3101) S_DA_NAND_IMAGE_BLOCK_NO_EXIST                     (brom.cpp:705)
09/13/16 17:33:02.090 BROM_DLL[1972][1068]: (3102) S_DA_NAND_IMAGE_LIST_NOT_EXIST                     (brom.cpp:705)
09/13/16 17:33:02.090 BROM_DLL[1972][1068]: (3103) S_DA_MBA_RESOURCE_NO_EXIST_IN_TARGET               (brom.cpp:705)
09/13/16 17:33:02.090 BROM_DLL[1972][1068]: (3104) S_DA_MBA_PROJECT_VERSION_NO_MATCH_WITH_TARGET      (brom.cpp:705)
09/13/16 17:33:02.090 BROM_DLL[1972][1068]: (3105) S_DA_MBA_UPDATING_RESOURCE_NO_EXIST_IN_TARGET      (brom.cpp:705)
09/13/16 17:33:02.090 BROM_DLL[1972][1068]: (3106) S_DA_MBA_UPDATING_RESOURCE_SIZE_EXCEED_IN_TARGET   (brom.cpp:705)
09/13/16 17:33:02.090 BROM_DLL[1972][1068]: (3107) S_DA_NAND_BIN_SIZE_EXCEED_MAX_SIZE                 (brom.cpp:705)
09/13/16 17:33:02.090 BROM_DLL[1972][1068]: (3108) S_DA_NAND_EXCEED_CONTAINER_LIMIT                   (brom.cpp:705)
09/13/16 17:33:02.090 BROM_DLL[1972][1068]: (3109) S_DA_NAND_REACH_END_OF_FLASH                       (brom.cpp:705)
09/13/16 17:33:02.090 BROM_DLL[1972][1068]: (3110) S_DA_NAND_OTP_NOT_SUPPORT                          (brom.cpp:705)
09/13/16 17:33:02.090 BROM_DLL[1972][1068]: (3111) S_DA_NAND_OTP_EXIST                                (brom.cpp:705)
09/13/16 17:33:02.090 BROM_DLL[1972][1068]: (3112) S_DA_NAND_OTP_LOCKED                               (brom.cpp:705)
09/13/16 17:33:02.090 BROM_DLL[1972][1068]: (3113) S_DA_NAND_OTP_LOCK_FAIL                            (brom.cpp:705)
09/13/16 17:33:02.090 BROM_DLL[1972][1068]: (3114) S_DA_NAND_OTP_UNLOCKED                             (brom.cpp:705)
09/13/16 17:33:02.090 BROM_DLL[1972][1068]: (3115) S_DA_OTP_NOT_SUPPORT                               (brom.cpp:705)
09/13/16 17:33:02.090 BROM_DLL[1972][1068]: (3116) S_DA_OTP_EXIST                                     (brom.cpp:705)
09/13/16 17:33:02.090 BROM_DLL[1972][1068]: (3117) S_DA_OTP_LOCKED                                    (brom.cpp:705)
09/13/16 17:33:02.090 BROM_DLL[1972][1068]: (3118) S_DA_OTP_GETSIZE_FAIL                              (brom.cpp:705)
09/13/16 17:33:02.090 BROM_DLL[1972][1068]: (3119) S_DA_OTP_READ_FAIL                                 (brom.cpp:705)
09/13/16 17:33:02.090 BROM_DLL[1972][1068]: (3120) S_DA_OTP_PROGRAM_FAIL                              (brom.cpp:705)
09/13/16 17:33:02.090 BROM_DLL[1972][1068]: (3121) S_DA_OTP_LOCK_FAIL                                 (brom.cpp:705)
09/13/16 17:33:02.090 BROM_DLL[1972][1068]: (3122) S_DA_OTP_LOCK_CHECK_STATUS_FAIL                    (brom.cpp:705)
09/13/16 17:33:02.090 BROM_DLL[1972][1068]: (3123) S_DA_OTP_UNLOCKED                                  (brom.cpp:705)
09/13/16 17:33:02.090 BROM_DLL[1972][1068]: (3124) S_DA_SEC_RO_ILLEGAL_MAGIC_TAIL                     (brom.cpp:705)
09/13/16 17:33:02.090 BROM_DLL[1972][1068]: (3125) S_DA_HANDSET_FOTA_INFO_NOT_FOUND                   (brom.cpp:705)
09/13/16 17:33:02.090 BROM_DLL[1972][1068]: (3126) S_DA_HANDSET_UA_INFO_NOT_FOUND                     (brom.cpp:705)
09/13/16 17:33:02.090 BROM_DLL[1972][1068]: (3127) S_DA_SB_FSM_INVALID_INFO                           (brom.cpp:705)
09/13/16 17:33:02.090 BROM_DLL[1972][1068]: (3128) S_DA_NFB_TARGET_DUAL_BL_PAIRED_VERSION_NOT_MATCHED_WITH_MAUI (brom.cpp:705)
09/13/16 17:33:02.090 BROM_DLL[1972][1068]: (3129) S_DA_NFB_TARGET_DUAL_BL_FEATURE_COMBINATION_NOT_MATCHED_WITH_MAUI (brom.cpp:705)
09/13/16 17:33:02.090 BROM_DLL[1972][1068]: (3130) S_DA_NFB_TARGET_IS_SINGLE_BL_BUT_PC_NOT            (brom.cpp:705)
09/13/16 17:33:02.090 BROM_DLL[1972][1068]: (3131) S_DA_NFB_TARGET_IS_DUAL_BL_BUT_PC_NOT              (brom.cpp:705)
09/13/16 17:33:02.090 BROM_DLL[1972][1068]: (3132) S_DA_NOR_TARGET_BL_PAIRED_VERSION_NOT_MATCHED_WITH_MAUI (brom.cpp:705)
09/13/16 17:33:02.090 BROM_DLL[1972][1068]: (3133) S_DA_NOR_TARGET_BL_FEATURE_COMBINATION_NOT_MATCHED_WITH_MAUI (brom.cpp:705)
09/13/16 17:33:02.090 BROM_DLL[1972][1068]: (3134) S_DA_NOR_TARGET_IS_NOT_NEW_BL_BUT_PC_IS            (brom.cpp:705)
09/13/16 17:33:02.090 BROM_DLL[1972][1068]: (3135) S_DA_NOR_TARGET_IS_NEW_BL_BUT_PC_NOT               (brom.cpp:705)
09/13/16 17:33:02.090 BROM_DLL[1972][1068]: (3136) S_DA_DOWNLOAD_BOOTLOADER_FLASH_DEV_IS_NONE         (brom.cpp:705)
09/13/16 17:33:02.090 BROM_DLL[1972][1068]: (3137) S_DA_DOWNLOAD_BOOTLOADER_FLASH_DEV_IS_NOT_SUPPORTED (brom.cpp:705)
09/13/16 17:33:02.090 BROM_DLL[1972][1068]: (3138) S_DA_DOWNLOAD_BOOTLOADER_BEGIN_ADDR_OVERLAPS_WITH_PREVIOUS_BOUNDARY (brom.cpp:705)
09/13/16 17:33:02.090 BROM_DLL[1972][1068]: (3139) S_DA_UPDATE_BOOTLOADER_EXIST_MAGIC_NOT_MATCHED     (brom.cpp:705)
09/13/16 17:33:02.090 BROM_DLL[1972][1068]: (3140) S_DA_UPDATE_BOOTLOADER_FILE_TYPE_NOT_MATCHED       (brom.cpp:705)
09/13/16 17:33:02.090 BROM_DLL[1972][1068]: (3141) S_DA_UPDATE_BOOTLOADER_FILE_SIZE_EXCEEDS_BOUNDARY_ADDR (brom.cpp:705)
09/13/16 17:33:02.090 BROM_DLL[1972][1068]: (3142) S_DA_UPDATE_BOOTLOADER_BEGIN_ADDR_NOT_MATCHED      (brom.cpp:705)
09/13/16 17:33:02.090 BROM_DLL[1972][1068]: (4000) S_FT_CALLBACK_DA_REPORT_FAIL                       (brom.cpp:708)
09/13/16 17:33:02.090 BROM_DLL[1972][1068]: (4001) S_FT_DA_NO_RESPONSE                                (brom.cpp:708)
09/13/16 17:33:02.090 BROM_DLL[1972][1068]: (4002) S_FT_DA_SYNC_INCORRECT                             (brom.cpp:708)
09/13/16 17:33:02.090 BROM_DLL[1972][1068]: (4003) S_FT_DA_VERSION_INCORRECT                          (brom.cpp:708)
09/13/16 17:33:02.090 BROM_DLL[1972][1068]: (4004) S_FT_DA_INIT_SYNC_ERROR                            (brom.cpp:708)
09/13/16 17:33:02.090 BROM_DLL[1972][1068]: (4005) S_FT_GET_DSP_VER_FAIL                              (brom.cpp:708)
09/13/16 17:33:02.090 BROM_DLL[1972][1068]: (4006) S_FT_CHANGE_BAUDRATE_FAIL                          (brom.cpp:708)
09/13/16 17:33:02.090 BROM_DLL[1972][1068]: (4007) S_FT_SET_DOWNLOAD_BLOCK_FAIL                       (brom.cpp:708)
09/13/16 17:33:02.090 BROM_DLL[1972][1068]: (4008) S_FT_DOWNLOAD_FAIL                                 (brom.cpp:708)
09/13/16 17:33:02.090 BROM_DLL[1972][1068]: (4009) S_FT_READBACK_FAIL                                 (brom.cpp:708)
09/13/16 17:33:02.090 BROM_DLL[1972][1068]: (4010) S_FT_FORMAT_FAIL                                   (brom.cpp:708)
09/13/16 17:33:02.090 BROM_DLL[1972][1068]: (4011) S_FT_FINISH_CMD_FAIL                               (brom.cpp:708)
09/13/16 17:33:02.090 BROM_DLL[1972][1068]: (4012) S_FT_ENABLE_WATCHDOG_FAIL                          (brom.cpp:708)
09/13/16 17:33:02.090 BROM_DLL[1972][1068]: (4013) S_FT_NFB_DOWNLOAD_BOOTLOADER_FAIL                  (brom.cpp:708)
09/13/16 17:33:02.090 BROM_DLL[1972][1068]: (4014) S_FT_NFB_DOWNLOAD_CODE_FAIL                        (brom.cpp:708)
09/13/16 17:33:02.090 BROM_DLL[1972][1068]: (4015) S_FT_NFB_INVALID_BOOTLOADER_DRAM_SETTING           (brom.cpp:708)
09/13/16 17:33:02.090 BROM_DLL[1972][1068]: (4016) S_FT_NAND_READADDR_NOT_PAGE_ALIGNMENT              (brom.cpp:708)
09/13/16 17:33:02.090 BROM_DLL[1972][1068]: (4017) S_FT_NAND_READLEN_NOT_PAGE_ALIGNMENT               (brom.cpp:708)
09/13/16 17:33:02.090 BROM_DLL[1972][1068]: (4018) S_FT_READ_REG16_FAIL                               (brom.cpp:708)
09/13/16 17:33:02.090 BROM_DLL[1972][1068]: (4019) S_FT_WRITE_REG16_FAIL                              (brom.cpp:708)
09/13/16 17:33:02.090 BROM_DLL[1972][1068]: (4020) S_FT_CUST_PARA_GET_INFO_FAIL                       (brom.cpp:708)
09/13/16 17:33:02.090 BROM_DLL[1972][1068]: (4021) S_FT_CUST_PARA_READ_FAIL                           (brom.cpp:708)
09/13/16 17:33:02.090 BROM_DLL[1972][1068]: (4022) S_FT_CUST_PARA_WRITE_FAIL                          (brom.cpp:708)
09/13/16 17:33:02.090 BROM_DLL[1972][1068]: (4023) S_FT_INVALID_FTCFG_OPERATION                       (brom.cpp:708)
09/13/16 17:33:02.090 BROM_DLL[1972][1068]: (4024) S_FT_INVALID_CUST_PARA_OPERATION                   (brom.cpp:708)
09/13/16 17:33:02.090 BROM_DLL[1972][1068]: (4025) S_FT_INVALID_SEC_RO_OPERATION                      (brom.cpp:708)
09/13/16 17:33:02.090 BROM_DLL[1972][1068]: (4026) S_FT_INVALID_OTP_OPERATION                         (brom.cpp:708)
09/13/16 17:33:02.090 BROM_DLL[1972][1068]: (4027) S_FT_POST_PROCESS_FAIL                             (brom.cpp:708)
09/13/16 17:33:02.090 BROM_DLL[1972][1068]: (4028) S_FT_FTCFG_UPDATE_FAIL                             (brom.cpp:708)
09/13/16 17:33:02.090 BROM_DLL[1972][1068]: (4029) S_FT_SEC_RO_GET_INFO_FAIL                          (brom.cpp:708)
09/13/16 17:33:02.090 BROM_DLL[1972][1068]: (4030) S_FT_SEC_RO_READ_FAIL                              (brom.cpp:708)
09/13/16 17:33:02.090 BROM_DLL[1972][1068]: (4031) S_FT_SEC_RO_WRITE_FAIL                             (brom.cpp:708)
09/13/16 17:33:02.090 BROM_DLL[1972][1068]: (4032) S_FT_ENABLE_DRAM_FAIL                              (brom.cpp:708)
09/13/16 17:33:02.090 BROM_DLL[1972][1068]: (4033) S_FT_FS_FINDFIRSTEX_FAIL                           (brom.cpp:708)
09/13/16 17:33:02.090 BROM_DLL[1972][1068]: (4034) S_FT_FS_FINDNEXTEX_FAIL                            (brom.cpp:708)
09/13/16 17:33:02.090 BROM_DLL[1972][1068]: (4035) S_FT_FS_FOPEN_FAIL                                 (brom.cpp:708)
09/13/16 17:33:02.090 BROM_DLL[1972][1068]: (4036) S_FT_FS_GETFILESIZE_FAIL                           (brom.cpp:708)
09/13/16 17:33:02.090 BROM_DLL[1972][1068]: (4037) S_FT_FS_READ_FAIL                                  (brom.cpp:708)
09/13/16 17:33:02.090 BROM_DLL[1972][1068]: (4038) S_FT_FS_FILENAME_INVALID                           (brom.cpp:708)
09/13/16 17:33:02.090 BROM_DLL[1972][1068]: (4039) S_FT_FS_FILENAME_TOO_LONG                          (brom.cpp:708)
09/13/16 17:33:02.090 BROM_DLL[1972][1068]: (4040) S_FT_FS_ASSERT                                     (brom.cpp:708)
09/13/16 17:33:02.090 BROM_DLL[1972][1068]: (4041) S_FT_OTP_ADDR_NOT_WORD_ALIGNMENT                   (brom.cpp:708)
09/13/16 17:33:02.090 BROM_DLL[1972][1068]: (4042) S_FT_OTP_LENGTH_NOT_WORD_ALIGNMENT                 (brom.cpp:708)
09/13/16 17:33:02.090 BROM_DLL[1972][1068]: (4043) S_FT_OTP_INVALID_ADDRESS_RANGE                     (brom.cpp:708)
09/13/16 17:33:02.090 BROM_DLL[1972][1068]: (4044) S_FT_NAND_READ_TO_BUFFER_NOT_SUPPORT               (brom.cpp:708)
09/13/16 17:33:02.090 BROM_DLL[1972][1068]: (4045) S_FT_GET_PROJECT_ID_FAIL                           (brom.cpp:708)
09/13/16 17:33:02.090 BROM_DLL[1972][1068]: (4046) S_FT_ENFB_ROM_FILE_SMALL_THAN_HEADER_DESCRIBE      (brom.cpp:708)
09/13/16 17:33:02.090 BROM_DLL[1972][1068]: (4047) S_FT_RW_EXTRACT_NFB_FAIL                           (brom.cpp:708)
09/13/16 17:33:02.090 BROM_DLL[1972][1068]: (4048) S_FT_MEMORY_TEST_FAIL                              (brom.cpp:708)
09/13/16 17:33:02.090 BROM_DLL[1972][1068]: (4049) S_FT_CHECK_BOOTLOADER_FEATURE_FAIL                 (brom.cpp:708)
09/13/16 17:33:02.090 BROM_DLL[1972][1068]: (5000) S_AUTH_HANDLE_IS_NOT_READY                         (brom.cpp:711)
09/13/16 17:33:02.090 BROM_DLL[1972][1068]: (5001) S_INVALID_AUTH_FILE                                (brom.cpp:711)
09/13/16 17:33:02.090 BROM_DLL[1972][1068]: (5002) S_INVALID_DA_FILE                                  (brom.cpp:711)
09/13/16 17:33:02.090 BROM_DLL[1972][1068]: (5003) S_DA_HANDLE_IS_NOT_READY                           (brom.cpp:711)
09/13/16 17:33:02.090 BROM_DLL[1972][1068]: (5004) S_FTHND_ILLEGAL_INDEX                              (brom.cpp:711)
09/13/16 17:33:02.090 BROM_DLL[1972][1068]: (5005) S_FTHND_HANDLE_BUSY_NOW                            (brom.cpp:711)
09/13/16 17:33:02.090 BROM_DLL[1972][1068]: (5006) S_FTHND_FILE_IS_UPDATED                            (brom.cpp:711)
09/13/16 17:33:02.090 BROM_DLL[1972][1068]: (5007) S_FTHND_FILE_IS_NOT_LOADED_YET                     (brom.cpp:711)
09/13/16 17:33:02.090 BROM_DLL[1972][1068]: (5008) S_FTHND_FILE_LOAD_FAIL                             (brom.cpp:711)
09/13/16 17:33:02.090 BROM_DLL[1972][1068]: (5009) S_FTHND_FILE_UNLOAD_FAIL                           (brom.cpp:711)
09/13/16 17:33:02.090 BROM_DLL[1972][1068]: (5010) S_FTHND_LIST_IS_EMPTY                              (brom.cpp:711)
09/13/16 17:33:02.090 BROM_DLL[1972][1068]: (5011) S_DL_SCAT_INCORRECT_FORMAT                         (brom.cpp:711)
09/13/16 17:33:02.090 BROM_DLL[1972][1068]: (5012) S_DL_SCAT_ADDR_IS_NOT_WORD_ALIGN                   (brom.cpp:711)
09/13/16 17:33:02.090 BROM_DLL[1972][1068]: (5013) S_DL_SCAT_OFFSET_IS_NOT_WORD_ALIGN                 (brom.cpp:711)
09/13/16 17:33:02.090 BROM_DLL[1972][1068]: (5014) S_DL_SCAT_ADDR_IS_NOT_ASCENDING_ORDER              (brom.cpp:711)
09/13/16 17:33:02.090 BROM_DLL[1972][1068]: (5015) S_DL_SCAT_JUMPTABLE_IS_NOT_ABSOLUTE_ADDR           (brom.cpp:711)
09/13/16 17:33:02.090 BROM_DLL[1972][1068]: (5016) S_DL_LOAD_REGION_IS_OVERLAP                        (brom.cpp:711)
09/13/16 17:33:02.090 BROM_DLL[1972][1068]: (5017) S_DL_LOAD_REGION_NOT_FOUND                         (brom.cpp:711)
09/13/16 17:33:02.090 BROM_DLL[1972][1068]: (5018) S_DL_NOT_RESOURCE_BIN                              (brom.cpp:711)
09/13/16 17:33:02.090 BROM_DLL[1972][1068]: (5019) S_DL_MULTIBIN_MECHANISM_DISABLED                   (brom.cpp:711)
09/13/16 17:33:02.090 BROM_DLL[1972][1068]: (5020) S_DL_RESOURCE_NOT_MATCH_IN_JUMPTABLE               (brom.cpp:711)
09/13/16 17:33:02.090 BROM_DLL[1972][1068]: (5021) S_DL_RESOURCE_MUST_DOWNLOAD_WITH_JUMPTABLE         (brom.cpp:711)
09/13/16 17:33:02.090 BROM_DLL[1972][1068]: (5022) S_DL_OVERLAP_WITH_EXISTING_RESOURCE                (brom.cpp:711)
09/13/16 17:33:02.090 BROM_DLL[1972][1068]: (5023) S_DL_INVALID_RESOURCE_BIN                          (brom.cpp:711)
09/13/16 17:33:02.090 BROM_DLL[1972][1068]: (5024) S_DL_JUMPTABLE_INCONSISTENT_WITH_SCAT              (brom.cpp:711)
09/13/16 17:33:02.090 BROM_DLL[1972][1068]: (5025) S_DL_INVALID_JUMPTABLE                             (brom.cpp:711)
09/13/16 17:33:02.090 BROM_DLL[1972][1068]: (5026) S_DL_REGION_ADDR_INCONSISTENT_WITH_SCAT            (brom.cpp:711)
09/13/16 17:33:02.090 BROM_DLL[1972][1068]: (5027) S_DL_REGION_ADDR_INCONSISTENT_WITH_RESOURCE_ADDR   (brom.cpp:711)
09/13/16 17:33:02.090 BROM_DLL[1972][1068]: (5028) S_DL_INVALID_BOOTLOADER                            (brom.cpp:711)
09/13/16 17:33:02.090 BROM_DLL[1972][1068]: (5029) S_DL_INVALID_BOOTLOADER_CHKSUM_SEED                (brom.cpp:711)
09/13/16 17:33:02.090 BROM_DLL[1972][1068]: (5030) S_DL_BOOTLOADER_IS_NOT_LOADED_YET                  (brom.cpp:711)
09/13/16 17:33:02.090 BROM_DLL[1972][1068]: (5031) S_DL_BOOTLOADER_NOT_FOUND                          (brom.cpp:711)
09/13/16 17:33:02.090 BROM_DLL[1972][1068]: (5032) S_DL_REMOTE_FILE_UNSUPPORTED_BY_BL_AUTOLOAD        (brom.cpp:711)
09/13/16 17:33:02.090 BROM_DLL[1972][1068]: (5033) S_DLIST_SAME_BBCHIP_SW_VER                         (brom.cpp:711)
09/13/16 17:33:02.090 BROM_DLL[1972][1068]: (5034) S_DLIST_BBCHIP_HW_VER_NOT_MATCHED                  (brom.cpp:711)
09/13/16 17:33:02.090 BROM_DLL[1972][1068]: (5035) S_DLIST_NO_MATCHED_DL_HANDLE_FOUND                 (brom.cpp:711)
09/13/16 17:33:02.090 BROM_DLL[1972][1068]: (5036) S_DLIST_DL_HANDLE_NOT_IN_LIST                      (brom.cpp:711)
09/13/16 17:33:02.090 BROM_DLL[1972][1068]: (5037) S_DLIST_DL_HANDLE_ALREADY_IN_LIST                  (brom.cpp:711)
09/13/16 17:33:02.090 BROM_DLL[1972][1068]: (5038) S_FTHND_CALLBACK_REMOTE_GET_FILE_LEN_FAIL          (brom.cpp:711)
09/13/16 17:33:02.090 BROM_DLL[1972][1068]: (5039) S_FTHND_CALLBACK_REMOTE_READ_FILE_FAIL             (brom.cpp:711)
09/13/16 17:33:02.090 BROM_DLL[1972][1068]: (5040) S_FTHND_CALLBACK_FILE_INTEGRITY_CHECK_FAIL         (brom.cpp:711)
09/13/16 17:33:02.090 BROM_DLL[1972][1068]: (5041) S_UNSUPPORTED_VER_OF_AUTH_FILE                     (brom.cpp:711)
09/13/16 17:33:02.090 BROM_DLL[1972][1068]: (5042) S_DL_PROJECT_ID_DIFF_BETWEEN_MAIN_CODE_AND_JUMP_TBL (brom.cpp:711)
09/13/16 17:33:02.090 BROM_DLL[1972][1068]: (5043) S_DL_SCAT_OPEN_FAIL                                (brom.cpp:711)
09/13/16 17:33:02.090 BROM_DLL[1972][1068]: (5044) S_FTHND_CALLBACK_COM_INIT_STAGE_FAIL               (brom.cpp:711)
09/13/16 17:33:02.090 BROM_DLL[1972][1068]: (5045) S_DL_UNSECURE_MAUI_TO_SECURE_BB                    (brom.cpp:711)
09/13/16 17:33:02.090 BROM_DLL[1972][1068]: (5046) S_FTHND_CALLBACK_REMOTE_GET_SIG_LEN_FAIL           (brom.cpp:711)
09/13/16 17:33:02.090 BROM_DLL[1972][1068]: (5047) S_FTHND_CALLBACK_REMOTE_READ_SIG_FAIL              (brom.cpp:711)
09/13/16 17:33:02.090 BROM_DLL[1972][1068]: (5048) S_DL_RESOURCE_MUST_DOWNLOAD_WITH_ANOTHERBIN        (brom.cpp:711)
09/13/16 17:33:02.090 BROM_DLL[1972][1068]: (5049) S_DL_RESOURCE_MUST_DOWNLOAD_WITH_ENFB              (brom.cpp:711)
09/13/16 17:33:02.090 BROM_DLL[1972][1068]: (5050) S_DL_PROJECT_ID_DIFF_BETWEEN_MAIN_CODE_AND_RESOURCE_BIN (brom.cpp:711)
09/13/16 17:33:02.090 BROM_DLL[1972][1068]: (5051) S_DL_PROJECT_ID_DIFF_AMONG_RESOURCE_BIN            (brom.cpp:711)
09/13/16 17:33:02.090 BROM_DLL[1972][1068]: (5052) S_DL_UNSECURE_BOOTLOADER_TO_SECURE_BB              (brom.cpp:711)
09/13/16 17:33:02.090 BROM_DLL[1972][1068]: (5053) S_DL_GET_DRAM_SETTING_FAIL                         (brom.cpp:711)
09/13/16 17:33:02.090 BROM_DLL[1972][1068]: (5054) S_DL_FOTA_INFO_IMAGE_NUMBER_NOT_MATCH_WITH_SCATTER_FILE (brom.cpp:711)
09/13/16 17:33:02.090 BROM_DLL[1972][1068]: (5055) S_DL_PROJECT_ID_DIFF_BETWEEN_THIRD_ROM_AND_RESOURCE_BIN (brom.cpp:711)
09/13/16 17:33:02.090 BROM_DLL[1972][1068]: (5056) S_DL_FOTA_SEC_INFO_MAC_ADDR_NOT_MATCH_WITH_MAUI    (brom.cpp:711)
09/13/16 17:33:02.090 BROM_DLL[1972][1068]: (5057) S_DL_PC_NFB_DUAL_BL_PAIRED_VERSION_NOT_MATCHED_WITH_MAUI (brom.cpp:711)
09/13/16 17:33:02.090 BROM_DLL[1972][1068]: (5058) S_DL_PC_NFB_DUAL_BL_FEATURE_COMBINATION_NOT_MATCHED_WITH_MAUI (brom.cpp:711)
09/13/16 17:33:02.090 BROM_DLL[1972][1068]: (5059) S_DL_PC_NOR_XIP_BL_PAIRED_VERSION_NOT_MATCHED_WITH_MAUI (brom.cpp:711)
09/13/16 17:33:02.090 BROM_DLL[1972][1068]: (5060) S_DL_PC_NOR_XIP_BL_FEATURE_COMBINATION_NOT_MATCHED_WITH_MAUI (brom.cpp:711)
09/13/16 17:33:02.090 BROM_DLL[1972][1068]: (5061) S_INVALID_SCERT_FILE                               (brom.cpp:711)
09/13/16 17:33:02.090 BROM_DLL[1972][1068]: (5062) S_UNSUPPORTED_VER_OF_SCERT_FILE                    (brom.cpp:711)
09/13/16 17:33:02.090 BROM_DLL[1972][1068]: (5063) S_DL_PC_BL_FILE_TYPE_IS_DUPLICATED                 (brom.cpp:711)
09/13/16 17:33:02.090 BROM_DLL[1972][1068]: (5064) S_DL_PC_BL_FILE_DEV_IS_DIFFERENT                   (brom.cpp:711)
09/13/16 17:33:02.090 BROM_DLL[1972][1068]: (5065) S_DL_PC_BL_INVALID_GFH_FILE_INFO                   (brom.cpp:711)
09/13/16 17:33:02.090 BROM_DLL[1972][1068]: (5066) S_DL_PC_BL_INVALID_GFH_BL_INFO                     (brom.cpp:711)
09/13/16 17:33:02.090 BROM_DLL[1972][1068]: (5067) S_DL_PC_BL_INVALID_GFH_ANTI_CLONE                  (brom.cpp:711)
09/13/16 17:33:02.090 BROM_DLL[1972][1068]: (6000) S_SECURITY_CALLBACK_SLA_CHALLENGE_FAIL             (brom.cpp:714)
09/13/16 17:33:02.090 BROM_DLL[1972][1068]: (6001) S_SECURITY_SLA_WRONG_AUTH_FILE                     (brom.cpp:714)
09/13/16 17:33:02.090 BROM_DLL[1972][1068]: (6002) S_SECURITY_SLA_INVALID_AUTH_FILE                   (brom.cpp:714)
09/13/16 17:33:02.090 BROM_DLL[1972][1068]: (6003) S_SECURITY_SLA_CHALLENGE_FAIL                      (brom.cpp:714)
09/13/16 17:33:02.090 BROM_DLL[1972][1068]: (6004) S_SECURITY_SLA_FAIL                                (brom.cpp:714)
09/13/16 17:33:02.090 BROM_DLL[1972][1068]: (6005) S_SECURITY_DAA_FAIL                                (brom.cpp:714)
09/13/16 17:33:02.090 BROM_DLL[1972][1068]: (6006) S_SECURITY_SBC_FAIL                                (brom.cpp:714)
09/13/16 17:33:02.090 BROM_DLL[1972][1068]: (6007) S_SECURITY_SF_SECURE_VER_CHECK_FAIL                (brom.cpp:714)
09/13/16 17:33:02.090 BROM_DLL[1972][1068]: (6008) S_SECURITY_SF_HANDSET_SECURE_CUSTOM_NAME_NOT_MATCH (brom.cpp:714)
09/13/16 17:33:02.090 BROM_DLL[1972][1068]: (6009) S_SECURITY_SF_FTCFG_LOCKDOWN                       (brom.cpp:714)
09/13/16 17:33:02.090 BROM_DLL[1972][1068]: (6010) S_SECURITY_SF_CODE_DOWNLOAD_FORBIDDEN              (brom.cpp:714)
09/13/16 17:33:02.090 BROM_DLL[1972][1068]: (6011) S_SECURITY_SF_CODE_READBACK_FORBIDDEN              (brom.cpp:714)
09/13/16 17:33:02.090 BROM_DLL[1972][1068]: (6012) S_SECURITY_SF_CODE_FORMAT_FORBIDDEN                (brom.cpp:714)
09/13/16 17:33:02.090 BROM_DLL[1972][1068]: (6013) S_SECURITY_SF_SEC_RO_DOWNLOAD_FORBIDDEN            (brom.cpp:714)
09/13/16 17:33:02.090 BROM_DLL[1972][1068]: (6014) S_SECURITY_SF_SEC_RO_READBACK_FORBIDDEN            (brom.cpp:714)
09/13/16 17:33:02.090 BROM_DLL[1972][1068]: (6015) S_SECURITY_SF_SEC_RO_FORMAT_FORBIDDEN              (brom.cpp:714)
09/13/16 17:33:02.090 BROM_DLL[1972][1068]: (6016) S_SECURITY_SF_FAT_DOWNLOAD_FORBIDDEN               (brom.cpp:714)
09/13/16 17:33:02.090 BROM_DLL[1972][1068]: (6017) S_SECURITY_SF_FAT_READBACK_FORBIDDEN               (brom.cpp:714)
09/13/16 17:33:02.090 BROM_DLL[1972][1068]: (6018) S_SECURITY_SF_FAT_FORMAT_FORBIDDEN                 (brom.cpp:714)
09/13/16 17:33:02.090 BROM_DLL[1972][1068]: (6019) S_SECURITY_SF_RESTRICTED_AREA_ACCESS_FORBIDDEN     (brom.cpp:714)
09/13/16 17:33:02.090 BROM_DLL[1972][1068]: (6020) S_SECURITY_SECURE_CUSTOM_NAME_NOT_MATCH_BETWEEN_AUTH_AND_DL_HANDLE (brom.cpp:714)
09/13/16 17:33:02.090 BROM_DLL[1972][1068]: (6021) S_SECURITY_DOWNLOAD_FILE_IS_CORRUPTED              (brom.cpp:714)
09/13/16 17:33:02.090 BROM_DLL[1972][1068]: (6022) S_SECURITY_NOT_SUPPORT                             (brom.cpp:714)
09/13/16 17:33:02.090 BROM_DLL[1972][1068]: (6023) S_SECURITY_BOOTLOADER_IMAGE_SIGNATURE_FAIL         (brom.cpp:714)
09/13/16 17:33:02.090 BROM_DLL[1972][1068]: (6024) S_SECURITY_BOOTLOADER_ELDER_SW_VERSION_CANNOT_BE_DOWNLOADED (brom.cpp:714)
09/13/16 17:33:02.090 BROM_DLL[1972][1068]: (6025) S_SECURITY_BOOTLOADER_IMAGE_NO_SIGNATURE           (brom.cpp:714)
09/13/16 17:33:02.090 BROM_DLL[1972][1068]: (6026) S_SECURITY_BOOTLOADER_CORRUPTED_SCATTER_FILE       (brom.cpp:714)
09/13/16 17:33:02.090 BROM_DLL[1972][1068]: (6027) S_SECURITY_SECURE_USB_DL_NO_MAUI_IN_SCATTER_FILE   (brom.cpp:714)
09/13/16 17:33:02.090 BROM_DLL[1972][1068]: (6028) S_SECURITY_SEND_CERT_FAIL                          (brom.cpp:714)
09/13/16 17:33:02.090 BROM_DLL[1972][1068]: (6029) S_SECURITY_SEND_AUTH_FAIL                          (brom.cpp:714)
09/13/16 17:33:02.090 BROM_DLL[1972][1068]: (6030) S_SECURITY_GET_SEC_CONFIG_FAIL                     (brom.cpp:714)
09/13/16 17:33:02.090 BROM_DLL[1972][1068]: (6031) S_SECURITY_GET_ME_ID_FAIL                          (brom.cpp:714)
09/13/16 17:33:02.090 BROM_DLL[1972][1068]: ================== STATUS_E CODE END ==================== (brom.cpp:716)
